#
# There is insufficient memory for the Java Runtime Environment to continue.
# Native memory allocation (malloc) failed to allocate 32744 bytes for ChunkPool::allocate
# Possible reasons:
#   The system is out of physical RAM or swap space
#   In 32 bit mode, the process size limit was hit
# Possible solutions:
#   Reduce memory load on the system
#   Increase physical memory or swap space
#   Check if swap backing store is full
#   Use 64 bit Java on a 64 bit OS
#   Decrease Java heap size (-Xmx/-Xms)
#   Decrease number of Java threads
#   Decrease Java thread stack sizes (-Xss)
#   Set larger code cache with -XX:ReservedCodeCacheSize=
# This output file may be truncated or incomplete.
#
#  Out of Memory Error (allocation.cpp:273), pid=5580, tid=5476
#
# JRE version: Java(TM) SE Runtime Environment (8.0_25-b18) (build 1.8.0_25-b18)
# Java VM: Java HotSpot(TM) 64-Bit Server VM (25.25-b02 mixed mode windows-amd64 compressed oops)
# Failed to write core dump. Minidumps are not enabled by default on client versions of Windows
#

---------------  T H R E A D  ---------------

Current thread (0x0000000058b89000):  JavaThread "C2 CompilerThread1" daemon [_thread_in_native, id=5476, stack(0x000000005a560000,0x000000005a660000)]

Stack: [0x000000005a560000,0x000000005a660000]
Native frames: (J=compiled Java code, j=interpreted, Vv=VM code, C=native code)
V  [jvm.dll+0x31667a]


Current CompileTask:
C2:  70973 6577   !   4       org.apache.tomcat.util.IntrospectionUtils::setProperty (925 bytes)


---------------  P R O C E S S  ---------------

Java Threads: ( => current thread )
  0x000000005bf80000 JavaThread "http-bio-8080-exec-4" daemon [_thread_in_native, id=6212, stack(0x000000006b250000,0x000000006b350000)]
  0x0000000064be9000 JavaThread "http-bio-8080-exec-3" daemon [_thread_in_native, id=5068, stack(0x000000006afc0000,0x000000006b0c0000)]
  0x0000000064be8800 JavaThread "http-bio-8080-exec-2" daemon [_thread_in_native, id=5416, stack(0x0000000063a70000,0x0000000063b70000)]
  0x000000005c0ca800 JavaThread "http-bio-8080-exec-1" daemon [_thread_blocked, id=3080, stack(0x000000006ae00000,0x000000006af00000)]
  0x0000000067c5f800 JavaThread "http-bio-8080-AsyncTimeout" daemon [_thread_blocked, id=1892, stack(0x000000006aa10000,0x000000006ab10000)]
  0x0000000067c5e800 JavaThread "http-bio-8080-Acceptor-0" daemon [_thread_in_native, id=4380, stack(0x000000006a8a0000,0x000000006a9a0000)]
  0x000000005d945800 JavaThread "ContainerBackgroundProcessor[StandardEngine[Tomcat]]" daemon [_thread_blocked, id=928, stack(0x0000000069120000,0x0000000069220000)]
  0x000000005f7d8000 JavaThread "MySQL Statement Cancellation Timer" daemon [_thread_blocked, id=2580, stack(0x000000005f2d0000,0x000000005f3d0000)]
  0x000000005fdf1000 JavaThread "localhost-startStop-1" daemon [_thread_blocked, id=5584, stack(0x000000005e6d0000,0x000000005e7d0000)]
  0x000000005c0d1000 JavaThread "Tomcat-startStop-1" daemon [_thread_blocked, id=2104, stack(0x0000000061500000,0x0000000061600000)]
  0x0000000058c0b800 JavaThread "Service Thread" daemon [_thread_blocked, id=2268, stack(0x000000005a9f0000,0x000000005aaf0000)]
  0x0000000058ba3800 JavaThread "C1 CompilerThread3" daemon [_thread_blocked, id=4396, stack(0x000000005a860000,0x000000005a960000)]
  0x0000000058b90800 JavaThread "C2 CompilerThread2" daemon [_thread_blocked, id=5848, stack(0x000000005a6c0000,0x000000005a7c0000)]
=>0x0000000058b89000 JavaThread "C2 CompilerThread1" daemon [_thread_in_native, id=5476, stack(0x000000005a560000,0x000000005a660000)]
  0x0000000058b7e000 JavaThread "C2 CompilerThread0" daemon [_thread_blocked, id=2128, stack(0x000000005a3c0000,0x000000005a4c0000)]
  0x0000000058b7d000 JavaThread "Attach Listener" daemon [_thread_blocked, id=5776, stack(0x000000005a140000,0x000000005a240000)]
  0x0000000058b7c000 JavaThread "Signal Dispatcher" daemon [_thread_blocked, id=2280, stack(0x0000000059ef0000,0x0000000059ff0000)]
  0x0000000057ac9800 JavaThread "Finalizer" daemon [_thread_blocked, id=5436, stack(0x0000000059dc0000,0x0000000059ec0000)]
  0x000000000217f800 JavaThread "Reference Handler" daemon [_thread_blocked, id=5676, stack(0x0000000059c60000,0x0000000059d60000)]
  0x000000000219e800 JavaThread "main" [_thread_blocked, id=5224, stack(0x0000000002490000,0x0000000002590000)]

Other Threads:
  0x000000000217c000 VMThread [stack: 0x0000000059ad0000,0x0000000059bd0000] [id=956]
  0x0000000058c19000 WatcherThread [stack: 0x0000000059ff0000,0x000000005a0f0000] [id=5364]

VM state:not at safepoint (normal execution)

VM Mutex/Monitor currently owned by a thread: None

Heap:
 PSYoungGen      total 440320K, used 55691K [0x00000000d5d80000, 0x00000000f4b80000, 0x0000000100000000)
  eden space 413696K, 7% used [0x00000000d5d80000,0x00000000d79f17a0,0x00000000ef180000)
  from space 26624K, 99% used [0x00000000f3180000,0x00000000f4b71720,0x00000000f4b80000)
  to   space 31744K, 0% used [0x00000000f0d80000,0x00000000f0d80000,0x00000000f2c80000)
 ParOldGen       total 69120K, used 21109K [0x0000000081800000, 0x0000000085b80000, 0x00000000d5d80000)
  object space 69120K, 30% used [0x0000000081800000,0x0000000082c9d5d8,0x0000000085b80000)
 Metaspace       used 53729K, capacity 54522K, committed 54912K, reserved 1097728K
  class space    used 6785K, capacity 6992K, committed 7040K, reserved 1048576K

Card table byte_map: [0x0000000011c20000,0x0000000012020000] byte_map_base: 0x0000000011814000

Marking Bits: (ParMarkBitMap*) 0x000000005d64d490
 Begin Bits: [0x0000000012da0000, 0x0000000014d40000)
 End Bits:   [0x0000000014d40000, 0x0000000016ce0000)

Polling page: 0x0000000000230000

CodeCache: size=245760Kb used=20245Kb max_used=20333Kb free=225514Kb
 bounds [0x0000000002860000, 0x0000000003c60000, 0x0000000011860000]
 total_blobs=6343 nmethods=5799 adapters=458
 compilation: enabled

Compilation events (10 events):
Event: 69.625 Thread 0x0000000058ba3800 6593       3       java.util.Calendar::getTimeInMillis (16 bytes)
Event: 69.626 Thread 0x0000000058ba3800 nmethod 6593 0x0000000003c13f90 code [0x0000000003c14100, 0x0000000003c143c8]
Event: 69.803 Thread 0x0000000058b90800 6594       4       java.lang.ReflectiveOperationException::<init> (7 bytes)
Event: 69.805 Thread 0x0000000058b90800 nmethod 6594 0x0000000002a1bed0 code [0x0000000002a1c020, 0x0000000002a1c368]
Event: 69.805 Thread 0x0000000058ba3800 6597       3       java.util.Calendar::setFieldsNormalized (65 bytes)
Event: 69.806 Thread 0x0000000058ba3800 nmethod 6597 0x0000000002a908d0 code [0x0000000002a90a40, 0x0000000002a90d30]
Event: 69.806 Thread 0x0000000058ba3800 6595       3       java.util.Calendar::selectFields (672 bytes)
Event: 69.807 Thread 0x0000000058ba3800 nmethod 6595 0x0000000003c12590 code [0x0000000003c127c0, 0x0000000003c13a70]
Event: 69.808 Thread 0x0000000058ba3800 6596       3       java.util.GregorianCalendar::getFixedDate (510 bytes)
Event: 69.811 Thread 0x0000000058ba3800 nmethod 6596 0x0000000003c28950 code [0x0000000003c28d40, 0x0000000003c2bf58]

GC Heap History (10 events):
Event: 53.582 GC heap before
{Heap before GC invocations=12 (full 1):
 PSYoungGen      total 199680K, used 199655K [0x00000000d5d80000, 0x00000000e3b80000, 0x0000000100000000)
  eden space 181248K, 100% used [0x00000000d5d80000,0x00000000e0e80000,0x00000000e0e80000)
  from space 18432K, 99% used [0x00000000e2380000,0x00000000e3579d08,0x00000000e3580000)
  to   space 21504K, 0% used [0x00000000e0e80000,0x00000000e0e80000,0x00000000e2380000)
 ParOldGen       total 50688K, used 22162K [0x0000000081800000, 0x0000000084980000, 0x00000000d5d80000)
  object space 50688K, 43% used [0x0000000081800000,0x0000000082da4bf8,0x0000000084980000)
 Metaspace       used 24793K, capacity 25422K, committed 25728K, reserved 1071104K
  class space    used 2939K, capacity 3111K, committed 3200K, reserved 1048576K
Event: 53.615 GC heap after
Heap after GC invocations=12 (full 1):
 PSYoungGen      total 202752K, used 21475K [0x00000000d5d80000, 0x00000000eac00000, 0x0000000100000000)
  eden space 181248K, 0% used [0x00000000d5d80000,0x00000000d5d80000,0x00000000e0e80000)
  from space 21504K, 99% used [0x00000000e0e80000,0x00000000e2378de0,0x00000000e2380000)
  to   space 27648K, 0% used [0x00000000e9100000,0x00000000e9100000,0x00000000eac00000)
 ParOldGen       total 50688K, used 30532K [0x0000000081800000, 0x0000000084980000, 0x00000000d5d80000)
  object space 50688K, 60% used [0x0000000081800000,0x00000000835d1180,0x0000000084980000)
 Metaspace       used 24793K, capacity 25422K, committed 25728K, reserved 1071104K
  class space    used 2939K, capacity 3111K, committed 3200K, reserved 1048576K
}
Event: 55.571 GC heap before
{Heap before GC invocations=13 (full 1):
 PSYoungGen      total 202752K, used 202723K [0x00000000d5d80000, 0x00000000eac00000, 0x0000000100000000)
  eden space 181248K, 100% used [0x00000000d5d80000,0x00000000e0e80000,0x00000000e0e80000)
  from space 21504K, 99% used [0x00000000e0e80000,0x00000000e2378de0,0x00000000e2380000)
  to   space 27648K, 0% used [0x00000000e9100000,0x00000000e9100000,0x00000000eac00000)
 ParOldGen       total 50688K, used 30532K [0x0000000081800000, 0x0000000084980000, 0x00000000d5d80000)
  object space 50688K, 60% used [0x0000000081800000,0x00000000835d1180,0x0000000084980000)
 Metaspace       used 33484K, capacity 34212K, committed 34560K, reserved 1079296K
  class space    used 4150K, capacity 4343K, committed 4352K, reserved 1048576K
Event: 55.585 GC heap after
Heap after GC invocations=13 (full 1):
 PSYoungGen      total 311808K, used 16579K [0x00000000d5d80000, 0x00000000eaa00000, 0x0000000100000000)
  eden space 286208K, 0% used [0x00000000d5d80000,0x00000000d5d80000,0x00000000e7500000)
  from space 25600K, 64% used [0x00000000e9100000,0x00000000ea130f88,0x00000000eaa00000)
  to   space 27136K, 0% used [0x00000000e7500000,0x00000000e7500000,0x00000000e8f80000)
 ParOldGen       total 50688K, used 32882K [0x0000000081800000, 0x0000000084980000, 0x00000000d5d80000)
  object space 50688K, 64% used [0x0000000081800000,0x000000008381c970,0x0000000084980000)
 Metaspace       used 33484K, capacity 34212K, committed 34560K, reserved 1079296K
  class space    used 4150K, capacity 4343K, committed 4352K, reserved 1048576K
}
Event: 55.760 GC heap before
{Heap before GC invocations=14 (full 1):
 PSYoungGen      total 311808K, used 34020K [0x00000000d5d80000, 0x00000000eaa00000, 0x0000000100000000)
  eden space 286208K, 6% used [0x00000000d5d80000,0x00000000d6e881f8,0x00000000e7500000)
  from space 25600K, 64% used [0x00000000e9100000,0x00000000ea130f88,0x00000000eaa00000)
  to   space 27136K, 0% used [0x00000000e7500000,0x00000000e7500000,0x00000000e8f80000)
 ParOldGen       total 50688K, used 32882K [0x0000000081800000, 0x0000000084980000, 0x00000000d5d80000)
  object space 50688K, 64% used [0x0000000081800000,0x000000008381c970,0x0000000084980000)
 Metaspace       used 34571K, capacity 35268K, committed 35456K, reserved 1081344K
  class space    used 4251K, capacity 4439K, committed 4480K, reserved 1048576K
Event: 55.764 GC heap after
Heap after GC invocations=14 (full 1):
 PSYoungGen      total 313344K, used 1036K [0x00000000d5d80000, 0x00000000f4d00000, 0x0000000100000000)
  eden space 286208K, 0% used [0x00000000d5d80000,0x00000000d5d80000,0x00000000e7500000)
  from space 27136K, 3% used [0x00000000e7500000,0x00000000e76032b8,0x00000000e8f80000)
  to   space 28160K, 0% used [0x00000000f3180000,0x00000000f3180000,0x00000000f4d00000)
 ParOldGen       total 50688K, used 36263K [0x0000000081800000, 0x0000000084980000, 0x00000000d5d80000)
  object space 50688K, 71% used [0x0000000081800000,0x0000000083b69cc0,0x0000000084980000)
 Metaspace       used 34571K, capacity 35268K, committed 35456K, reserved 1081344K
  class space    used 4251K, capacity 4439K, committed 4480K, reserved 1048576K
}
Event: 55.764 GC heap before
{Heap before GC invocations=15 (full 2):
 PSYoungGen      total 313344K, used 1036K [0x00000000d5d80000, 0x00000000f4d00000, 0x0000000100000000)
  eden space 286208K, 0% used [0x00000000d5d80000,0x00000000d5d80000,0x00000000e7500000)
  from space 27136K, 3% used [0x00000000e7500000,0x00000000e76032b8,0x00000000e8f80000)
  to   space 28160K, 0% used [0x00000000f3180000,0x00000000f3180000,0x00000000f4d00000)
 ParOldGen       total 50688K, used 36263K [0x0000000081800000, 0x0000000084980000, 0x00000000d5d80000)
  object space 50688K, 71% used [0x0000000081800000,0x0000000083b69cc0,0x0000000084980000)
 Metaspace       used 34571K, capacity 35268K, committed 35456K, reserved 1081344K
  class space    used 4251K, capacity 4439K, committed 4480K, reserved 1048576K
Event: 55.837 GC heap after
Heap after GC invocations=15 (full 2):
 PSYoungGen      total 313344K, used 0K [0x00000000d5d80000, 0x00000000f4d00000, 0x0000000100000000)
  eden space 286208K, 0% used [0x00000000d5d80000,0x00000000d5d80000,0x00000000e7500000)
  from space 27136K, 0% used [0x00000000e7500000,0x00000000e7500000,0x00000000e8f80000)
  to   space 28160K, 0% used [0x00000000f3180000,0x00000000f3180000,0x00000000f4d00000)
 ParOldGen       total 69120K, used 21101K [0x0000000081800000, 0x0000000085b80000, 0x00000000d5d80000)
  object space 69120K, 30% used [0x0000000081800000,0x0000000082c9b5d8,0x0000000085b80000)
 Metaspace       used 34571K, capacity 35268K, committed 35456K, reserved 1081344K
  class space    used 4251K, capacity 4439K, committed 4480K, reserved 1048576K
}
Event: 61.269 GC heap before
{Heap before GC invocations=16 (full 2):
 PSYoungGen      total 313344K, used 286208K [0x00000000d5d80000, 0x00000000f4d00000, 0x0000000100000000)
  eden space 286208K, 100% used [0x00000000d5d80000,0x00000000e7500000,0x00000000e7500000)
  from space 27136K, 0% used [0x00000000e7500000,0x00000000e7500000,0x00000000e8f80000)
  to   space 28160K, 0% used [0x00000000f3180000,0x00000000f3180000,0x00000000f4d00000)
 ParOldGen       total 69120K, used 21101K [0x0000000081800000, 0x0000000085b80000, 0x00000000d5d80000)
  object space 69120K, 30% used [0x0000000081800000,0x0000000082c9b5d8,0x0000000085b80000)
 Metaspace       used 52979K, capacity 53818K, committed 54144K, reserved 1095680K
  class space    used 6700K, capacity 6928K, committed 7040K, reserved 1048576K
Event: 61.289 GC heap after
Heap after GC invocations=16 (full 2):
 PSYoungGen      total 440320K, used 26565K [0x00000000d5d80000, 0x00000000f4b80000, 0x0000000100000000)
  eden space 413696K, 0% used [0x00000000d5d80000,0x00000000d5d80000,0x00000000ef180000)
  from space 26624K, 99% used [0x00000000f3180000,0x00000000f4b71720,0x00000000f4b80000)
  to   space 31744K, 0% used [0x00000000f0d80000,0x00000000f0d80000,0x00000000f2c80000)
 ParOldGen       total 69120K, used 21109K [0x0000000081800000, 0x0000000085b80000, 0x00000000d5d80000)
  object space 69120K, 30% used [0x0000000081800000,0x0000000082c9d5d8,0x0000000085b80000)
 Metaspace       used 52979K, capacity 53818K, committed 54144K, reserved 1095680K
  class space    used 6700K, capacity 6928K, committed 7040K, reserved 1048576K
}

Deoptimization events (10 events):
Event: 58.866 Thread 0x000000005fdf1000 Uncommon trap: reason=class_check action=maybe_recompile pc=0x0000000002e1b630 method=java.util.Collections$UnmodifiableMap$UnmodifiableEntrySet$UnmodifiableEntry.getKey()Ljava/lang/Object; @ 4
Event: 58.866 Thread 0x000000005fdf1000 Uncommon trap: reason=class_check action=maybe_recompile pc=0x0000000002e3b7f0 method=java.util.Collections$UnmodifiableMap$UnmodifiableEntrySet$UnmodifiableEntry.getValue()Ljava/lang/Object; @ 4
Event: 58.912 Thread 0x000000005fdf1000 Uncommon trap: reason=class_check action=maybe_recompile pc=0x0000000002e1ad74 method=java.util.Collections$UnmodifiableMap$UnmodifiableEntrySet$1.next()Ljava/util/Map$Entry; @ 8
Event: 58.912 Thread 0x000000005fdf1000 Uncommon trap: reason=class_check action=maybe_recompile pc=0x0000000002e1b630 method=java.util.Collections$UnmodifiableMap$UnmodifiableEntrySet$UnmodifiableEntry.getKey()Ljava/lang/Object; @ 4
Event: 58.912 Thread 0x000000005fdf1000 Uncommon trap: reason=class_check action=maybe_recompile pc=0x0000000002e3b7f0 method=java.util.Collections$UnmodifiableMap$UnmodifiableEntrySet$UnmodifiableEntry.getValue()Ljava/lang/Object; @ 4
Event: 60.599 Thread 0x000000005fdf1000 Uncommon trap: reason=unreached action=reinterpret pc=0x000000000394f2fc method=java.net.URL.<init>(Ljava/net/URL;Ljava/lang/String;Ljava/net/URLStreamHandler;)V @ 347
Event: 60.778 Thread 0x000000005fdf1000 Uncommon trap: reason=unloaded action=reinterpret pc=0x00000000029a653c method=org.springframework.core.BridgeMethodResolver.findBridgedMethod(Ljava/lang/reflect/Method;)Ljava/lang/reflect/Method; @ 13
Event: 60.804 Thread 0x000000005fdf1000 Uncommon trap: reason=predicate action=maybe_recompile pc=0x000000000340a358 method=org.springframework.util.ReflectionUtils.doWithMethods(Ljava/lang/Class;Lorg/springframework/util/ReflectionUtils$MethodCallback;Lorg/springframework/util/ReflectionUtils$M
Event: 67.474 Thread 0x0000000064be8800 Uncommon trap: reason=unreached action=reinterpret pc=0x0000000003839848 method=org.codehaus.plexus.classworlds.realm.ClassRealm.loadClassFromSelf(Ljava/lang/String;)Ljava/lang/Class; @ 15
Event: 69.803 Thread 0x000000005c0ca800 Uncommon trap: reason=unreached action=reinterpret pc=0x0000000003437224 method=java.text.SimpleDateFormat.subFormat(IILjava/text/Format$FieldDelegate;Ljava/lang/StringBuffer;Z)V @ 491

Internal exceptions (10 events):
Event: 69.807 Thread 0x000000005c0ca800 Exception <a 'java/security/PrivilegedActionException'> (0x00000000d75c31c8) thrown at [D:\re\workspace\8-2-build-windows-amd64-cygwin\jdk8u25\1677\hotspot\src\share\vm\prims\jvm.cpp, line 1312]
Event: 69.807 Thread 0x000000005c0ca800 Exception <a 'java/security/PrivilegedActionException'> (0x00000000d75c3ae8) thrown at [D:\re\workspace\8-2-build-windows-amd64-cygwin\jdk8u25\1677\hotspot\src\share\vm\prims\jvm.cpp, line 1312]
Event: 69.807 Thread 0x000000005c0ca800 Exception <a 'java/security/PrivilegedActionException'> (0x00000000d75ce3c0) thrown at [D:\re\workspace\8-2-build-windows-amd64-cygwin\jdk8u25\1677\hotspot\src\share\vm\prims\jvm.cpp, line 1312]
Event: 69.807 Thread 0x000000005c0ca800 Exception <a 'java/security/PrivilegedActionException'> (0x00000000d75d3470) thrown at [D:\re\workspace\8-2-build-windows-amd64-cygwin\jdk8u25\1677\hotspot\src\share\vm\prims\jvm.cpp, line 1312]
Event: 69.807 Thread 0x000000005c0ca800 Exception <a 'java/security/PrivilegedActionException'> (0x00000000d75d3c18) thrown at [D:\re\workspace\8-2-build-windows-amd64-cygwin\jdk8u25\1677\hotspot\src\share\vm\prims\jvm.cpp, line 1312]
Event: 69.807 Thread 0x000000005c0ca800 Exception <a 'java/security/PrivilegedActionException'> (0x00000000d75d4558) thrown at [D:\re\workspace\8-2-build-windows-amd64-cygwin\jdk8u25\1677\hotspot\src\share\vm\prims\jvm.cpp, line 1312]
Event: 69.807 Thread 0x000000005c0ca800 Exception <a 'java/security/PrivilegedActionException'> (0x00000000d75e1048) thrown at [D:\re\workspace\8-2-build-windows-amd64-cygwin\jdk8u25\1677\hotspot\src\share\vm\prims\jvm.cpp, line 1312]
Event: 69.807 Thread 0x000000005c0ca800 Exception <a 'java/security/PrivilegedActionException'> (0x00000000d75e6280) thrown at [D:\re\workspace\8-2-build-windows-amd64-cygwin\jdk8u25\1677\hotspot\src\share\vm\prims\jvm.cpp, line 1312]
Event: 69.807 Thread 0x000000005c0ca800 Exception <a 'java/security/PrivilegedActionException'> (0x00000000d75e6a40) thrown at [D:\re\workspace\8-2-build-windows-amd64-cygwin\jdk8u25\1677\hotspot\src\share\vm\prims\jvm.cpp, line 1312]
Event: 69.807 Thread 0x000000005c0ca800 Exception <a 'java/security/PrivilegedActionException'> (0x00000000d75e7390) thrown at [D:\re\workspace\8-2-build-windows-amd64-cygwin\jdk8u25\1677\hotspot\src\share\vm\prims\jvm.cpp, line 1312]

Events (10 events):
Event: 69.808 Thread 0x0000000058ba3800 flushing nmethod 0x0000000002ca3fd0
Event: 69.808 Thread 0x000000005bf80000 Thread added: 0x000000005bf80000
Event: 69.808 Executing VM operation: RevokeBias
Event: 69.808 Executing VM operation: RevokeBias done
Event: 69.809 Executing VM operation: RevokeBias
Event: 69.809 Executing VM operation: RevokeBias done
Event: 69.809 Executing VM operation: RevokeBias
Event: 69.809 Executing VM operation: RevokeBias done
Event: 69.811 Thread 0x0000000058ba3800 flushing nmethod 0x0000000002cc62d0
Event: 69.812 Thread 0x0000000058ba3800 flushing nmethod 0x0000000002d41f10


Dynamic libraries:
0x000000013ff40000 - 0x000000013ff74000 	c:\applns\java\bin\java.exe
0x00000000771a0000 - 0x000000007734b000 	C:\Windows\SYSTEM32\ntdll.dll
0x0000000076f80000 - 0x000000007709f000 	C:\Windows\system32\kernel32.dll
0x000007fefd460000 - 0x000007fefd4cb000 	C:\Windows\system32\KERNELBASE.dll
0x000007fefd4d0000 - 0x000007fefd5ab000 	C:\Windows\system32\ADVAPI32.dll
0x000007feff160000 - 0x000007feff1ff000 	C:\Windows\system32\msvcrt.dll
0x000007feff0c0000 - 0x000007feff0df000 	C:\Windows\SYSTEM32\sechost.dll
0x000007fefe430000 - 0x000007fefe55e000 	C:\Windows\system32\RPCRT4.dll
0x00000000770a0000 - 0x000000007719a000 	C:\Windows\system32\USER32.dll
0x000007fefea50000 - 0x000007fefeab7000 	C:\Windows\system32\GDI32.dll
0x000007feff080000 - 0x000007feff08e000 	C:\Windows\system32\LPK.dll
0x000007feff3e0000 - 0x000007feff4aa000 	C:\Windows\system32\USP10.dll
0x000007fefbb90000 - 0x000007fefbd84000 	C:\Windows\WinSxS\amd64_microsoft.windows.common-controls_6595b64144ccf1df_6.0.7600.16385_none_fa645303170382f6\COMCTL32.dll
0x000007fefee80000 - 0x000007fefeef1000 	C:\Windows\system32\SHLWAPI.dll
0x000007feff090000 - 0x000007feff0be000 	C:\Windows\system32\IMM32.DLL
0x000007fefed70000 - 0x000007fefee79000 	C:\Windows\system32\MSCTF.dll
0x000000005f450000 - 0x000000005f522000 	c:\applns\java\bin\msvcr100.dll
0x000000005ce70000 - 0x000000005d6ca000 	c:\applns\java\bin\server\jvm.dll
0x000007fef6a80000 - 0x000007fef6a89000 	C:\Windows\system32\WSOCK32.dll
0x000007fefe3e0000 - 0x000007fefe42d000 	C:\Windows\system32\WS2_32.dll
0x000007fefe7c0000 - 0x000007fefe7c8000 	C:\Windows\system32\NSI.dll
0x000007fef9aa0000 - 0x000007fef9adb000 	C:\Windows\system32\WINMM.dll
0x0000000077370000 - 0x0000000077377000 	C:\Windows\system32\PSAPI.DLL
0x0000000072e00000 - 0x0000000072e0f000 	c:\applns\java\bin\verify.dll
0x00000000646e0000 - 0x0000000064708000 	c:\applns\java\bin\java.dll
0x0000000064660000 - 0x0000000064676000 	c:\applns\java\bin\zip.dll
0x000007fefd650000 - 0x000007fefe3d6000 	C:\Windows\system32\SHELL32.dll
0x000007fefe820000 - 0x000007fefea21000 	C:\Windows\system32\ole32.dll
0x000007fefd100000 - 0x000007fefd10f000 	C:\Windows\system32\profapi.dll
0x00000000645d0000 - 0x00000000645ea000 	C:\applns\java\bin\net.dll
0x000007fefc930000 - 0x000007fefc984000 	C:\Windows\system32\mswsock.dll
0x000007fefc920000 - 0x000007fefc927000 	C:\Windows\System32\wship6.dll
0x0000000064170000 - 0x0000000064181000 	C:\applns\java\bin\nio.dll
0x00000000640f0000 - 0x0000000064114000 	C:\applns\java\bin\sunec.dll
0x000007fefc990000 - 0x000007fefc9a7000 	C:\Windows\system32\CRYPTSP.dll
0x000007fefc690000 - 0x000007fefc6d7000 	C:\Windows\system32\rsaenh.dll
0x000007fefc440000 - 0x000007fefc45e000 	C:\Windows\system32\USERENV.dll
0x000007fefcff0000 - 0x000007fefcfff000 	C:\Windows\system32\CRYPTBASE.dll
0x000007fefae00000 - 0x000007fefae27000 	C:\Windows\system32\IPHLPAPI.DLL
0x000007fefadf0000 - 0x000007fefadfb000 	C:\Windows\system32\WINNSI.DLL
0x000007fefabd0000 - 0x000007fefabe8000 	C:\Windows\system32\dhcpcsvc.DLL
0x000007fefab70000 - 0x000007fefab81000 	C:\Windows\system32\dhcpcsvc6.DLL
0x000007fefc340000 - 0x000007fefc347000 	C:\Windows\System32\wshtcpip.dll
0x000007fefc7b0000 - 0x000007fefc80b000 	C:\Windows\system32\DNSAPI.dll
0x000007fef5f80000 - 0x000007fef5f88000 	C:\Windows\system32\rasadhlp.dll
0x000007fefac80000 - 0x000007fefacd3000 	C:\Windows\System32\fwpuclnt.dll
0x0000000072e10000 - 0x0000000072e1d000 	C:\applns\java\bin\management.dll
0x000007fefb150000 - 0x000007fefb165000 	C:\Windows\system32\NLAapi.dll
0x000007feea240000 - 0x000007feea24b000 	C:\Windows\System32\winrnr.dll
0x000007feea220000 - 0x000007feea235000 	C:\Windows\system32\napinsp.dll
0x000007feea200000 - 0x000007feea219000 	C:\Windows\system32\pnrpnsp.dll
0x000007feea1f0000 - 0x000007feea200000 	C:\Windows\system32\wshbth.dll

VM Arguments:
jvm_args: -Dclassworlds.conf=c:/applns/maven/bin/m2.conf -Dmaven.home=c:/applns/maven 
java_command: org.codehaus.plexus.classworlds.launcher.Launcher tomcat7:run
java_class_path (initial): c:/applns/maven/boot/plexus-classworlds-2.5.1.jar
Launcher Type: SUN_STANDARD

Environment Variables:
JAVA_HOME=c:/applns/java
PATH=c:\Users\arul.arul-PC\bin;.;C:\applns\Git\local\bin;C:\applns\Git\mingw\bin;C:\applns\Git\bin;c:\ProgramData\Oracle\Java\javapath;c:\Program Files (x86)\AMD APP\bin\x86_64;c:\Program Files (x86)\AMD APP\bin\x86;c:\Program Files (x86)\Intel\iCLS Client\;c:\Program Files\Intel\iCLS Client\;c:\Windows\system32;c:\Windows;c:\Windows\System32\Wbem;c:\Windows\System32\WindowsPowerShell\v1.0\;c:\Program Files (x86)\ATI Technologies\ATI.ACE\Core-Static;c:\Program Files\Intel\WiFi\bin\;c:\Program Files\Common Files\Intel\WirelessCommon\;c:\Program Files\Intel\Intel(R) Management Engine Components\DAL;c:\Program Files\Intel\Intel(R) Management Engine Components\IPT;c:\Program Files (x86)\Intel\Intel(R) Management Engine Components\DAL;c:\Program Files (x86)\Intel\Intel(R) Management Engine Components\IPT;c:\applns\TortoiseGit\bin;%MAVEN_HOME%\bin;c:\applns\mysql\bin;c:\Program Files (x86)\AMD APP\bin\x86_64;c:\Program Files (x86)\AMD APP\bin\x86;c:\Program Files (x86)\Intel\iCLS Client\;c:\Program Files\Intel\iCLS Client\;c:\Windows\system32;c:\Windows;c:\Windows\System32\Wbem;c:\Windows\System32\WindowsPowerShell\v1.0\;c:\Program Files (x86)\ATI Technologies\ATI.ACE\Core-Static;c:\Program Files\Intel\WiFi\bin\;c:\Program Files\Common Files\Intel\WirelessCommon\;c:\Program Files\Intel\Intel(R) Management Engine Components\DAL;c:\Program Files\Intel\Intel(R) Management Engine Components\IPT;c:\Program Files (x86)\Intel\Intel(R) Management Engine Components\DAL;c:\Program Files (x86)\Intel\Intel(R) Management Engine Components\IPT;c:\applns\maven\bin;c:\applns\tomcat\bin;c:\applns\java\bin
USERNAME=arul
OS=Windows_NT
PROCESSOR_IDENTIFIER=Intel64 Family 6 Model 58 Stepping 9, GenuineIntel



---------------  S Y S T E M  ---------------

OS: Windows 7 , 64 bit Build 7600 

CPU:total 8 (4 cores per cpu, 2 threads per core) family 6 model 58 stepping 9, cmov, cx8, fxsr, mmx, sse, sse2, sse3, ssse3, sse4.1, sse4.2, popcnt, aes, clmul, erms, ht, tsc, tscinvbit, tscinv

Memory: 4k page, physical 8288620k(3832628k free), swap 8286724k(4960k free)

vm_info: Java HotSpot(TM) 64-Bit Server VM (25.25-b02) for windows-amd64 JRE (1.8.0_25-b18), built on Oct  7 2014 14:25:37 by "java_re" with MS VC++ 10.0 (VS2010)

time: Wed Dec 10 23:01:50 2014
elapsed time: 70 seconds (0d 0h 1m 10s)

